{
  "stats": {
    "suites": 1,
    "tests": 3,
    "passes": 3,
    "pending": 0,
    "failures": 0,
    "start": "2022-01-22T23:34:36.213Z",
    "end": "2022-01-22T23:34:45.305Z",
    "duration": 9092,
    "testsRegistered": 3,
    "passPercent": 100,
    "pendingPercent": 0,
    "other": 0,
    "hasOther": false,
    "skipped": 0,
    "hasSkipped": false
  },
  "results": [
    {
      "uuid": "1f225273-9f12-45e6-80e4-e2b5fd408b43",
      "title": "",
      "fullFile": "cypress/integration/BDD/agileTravel.feature",
      "file": "cypress/integration/BDD/agileTravel.feature",
      "beforeHooks": [],
      "afterHooks": [],
      "tests": [],
      "suites": [
        {
          "uuid": "cd4c6565-e0f7-4177-8fb1-9fcf7de77bb6",
          "title": "Checking login functionality for travel.agileway.net",
          "fullFile": "",
          "file": "",
          "beforeHooks": [],
          "afterHooks": [],
          "tests": [
            {
              "title": "Checking login functionality for proper login credential (example #1)",
              "fullTitle": "Checking login functionality for travel.agileway.net Checking login functionality for proper login credential (example #1)",
              "timedOut": null,
              "duration": 4118,
              "state": "passed",
              "speed": "fast",
              "pass": true,
              "fail": false,
              "pending": false,
              "context": null,
              "code": "const state = window.testState;\nreturn cy\n  .then(() => state.onStartScenario(scenario, indexedSteps))\n  .then(() =>\n    resolveAndRunBeforeHooks.call(this, scenario.tags, state.feature.name)\n  )\n  .then(() =>\n    indexedSteps.forEach((step) =>\n      stepTest.call(this, state, step, rowData)\n    )\n  )\n  .then(() => state.onFinishScenario(scenario));",
              "err": {},
              "uuid": "0ac9ff09-bc41-488e-a363-62a36fe72caf",
              "parentUUID": "cd4c6565-e0f7-4177-8fb1-9fcf7de77bb6",
              "isHook": false,
              "skipped": false
            },
            {
              "title": "Checking login functionality for wrong login credential (example #1)",
              "fullTitle": "Checking login functionality for travel.agileway.net Checking login functionality for wrong login credential (example #1)",
              "timedOut": null,
              "duration": 1273,
              "state": "passed",
              "speed": "fast",
              "pass": true,
              "fail": false,
              "pending": false,
              "context": null,
              "code": "const state = window.testState;\nreturn cy\n  .then(() => state.onStartScenario(scenario, indexedSteps))\n  .then(() =>\n    resolveAndRunBeforeHooks.call(this, scenario.tags, state.feature.name)\n  )\n  .then(() =>\n    indexedSteps.forEach((step) =>\n      stepTest.call(this, state, step, rowData)\n    )\n  )\n  .then(() => state.onFinishScenario(scenario));",
              "err": {},
              "uuid": "1046f33e-ae90-48f0-a866-e0769c5b0b61",
              "parentUUID": "cd4c6565-e0f7-4177-8fb1-9fcf7de77bb6",
              "isHook": false,
              "skipped": false
            },
            {
              "title": "Checking login functionality for wrong login credential (example #2)",
              "fullTitle": "Checking login functionality for travel.agileway.net Checking login functionality for wrong login credential (example #2)",
              "timedOut": null,
              "duration": 1032,
              "state": "passed",
              "speed": "fast",
              "pass": true,
              "fail": false,
              "pending": false,
              "context": null,
              "code": "const state = window.testState;\nreturn cy\n  .then(() => state.onStartScenario(scenario, indexedSteps))\n  .then(() =>\n    resolveAndRunBeforeHooks.call(this, scenario.tags, state.feature.name)\n  )\n  .then(() =>\n    indexedSteps.forEach((step) =>\n      stepTest.call(this, state, step, rowData)\n    )\n  )\n  .then(() => state.onFinishScenario(scenario));",
              "err": {},
              "uuid": "e0cbb280-4f62-4a22-b553-aea1ff103628",
              "parentUUID": "cd4c6565-e0f7-4177-8fb1-9fcf7de77bb6",
              "isHook": false,
              "skipped": false
            }
          ],
          "suites": [],
          "passes": [
            "0ac9ff09-bc41-488e-a363-62a36fe72caf",
            "1046f33e-ae90-48f0-a866-e0769c5b0b61",
            "e0cbb280-4f62-4a22-b553-aea1ff103628"
          ],
          "failures": [],
          "pending": [],
          "skipped": [],
          "duration": 6423,
          "root": false,
          "rootEmpty": false,
          "_timeout": 2000
        }
      ],
      "passes": [],
      "failures": [],
      "pending": [],
      "skipped": [],
      "duration": 0,
      "root": true,
      "rootEmpty": true,
      "_timeout": 2000
    }
  ],
  "meta": {
    "mocha": {
      "version": "7.0.1"
    },
    "mochawesome": {
      "options": {
        "quiet": false,
        "reportFilename": "mochawesome",
        "saveHtml": true,
        "saveJson": true,
        "consoleReporter": "spec",
        "useInlineDiffs": false,
        "code": true
      },
      "version": "7.0.1"
    },
    "marge": {
      "options": null,
      "version": "6.0.1"
    }
  }
}