{
  "stats": {
    "suites": 1,
    "tests": 3,
    "passes": 3,
    "pending": 0,
    "failures": 0,
    "start": "2022-01-23T18:27:53.668Z",
    "end": "2022-01-23T18:28:03.802Z",
    "duration": 10134,
    "testsRegistered": 3,
    "passPercent": 100,
    "pendingPercent": 0,
    "other": 0,
    "hasOther": false,
    "skipped": 0,
    "hasSkipped": false
  },
  "results": [
    {
      "uuid": "7e2c7ea5-7580-4e53-ac51-d9f4a0585df2",
      "title": "",
      "fullFile": "cypress/integration/BDD/agileTravel.feature",
      "file": "cypress/integration/BDD/agileTravel.feature",
      "beforeHooks": [],
      "afterHooks": [],
      "tests": [],
      "suites": [
        {
          "uuid": "b4f15cce-35cb-4788-86ec-6a37ec7228d6",
          "title": "Checking login functionality for travel.agileway.net",
          "fullFile": "",
          "file": "",
          "beforeHooks": [],
          "afterHooks": [],
          "tests": [
            {
              "title": "Checking login functionality for proper login credential (example #1)",
              "fullTitle": "Checking login functionality for travel.agileway.net Checking login functionality for proper login credential (example #1)",
              "timedOut": null,
              "duration": 4443,
              "state": "passed",
              "speed": "fast",
              "pass": true,
              "fail": false,
              "pending": false,
              "context": null,
              "code": "const state = window.testState;\nreturn cy\n  .then(() => state.onStartScenario(scenario, indexedSteps))\n  .then(() =>\n    resolveAndRunBeforeHooks.call(this, scenario.tags, state.feature.name)\n  )\n  .then(() =>\n    indexedSteps.forEach((step) =>\n      stepTest.call(this, state, step, rowData)\n    )\n  )\n  .then(() => state.onFinishScenario(scenario));",
              "err": {},
              "uuid": "796332e5-3247-4388-a600-9e6f938db459",
              "parentUUID": "b4f15cce-35cb-4788-86ec-6a37ec7228d6",
              "isHook": false,
              "skipped": false
            },
            {
              "title": "Checking login functionality for wrong login credential (example #1)",
              "fullTitle": "Checking login functionality for travel.agileway.net Checking login functionality for wrong login credential (example #1)",
              "timedOut": null,
              "duration": 1388,
              "state": "passed",
              "speed": "fast",
              "pass": true,
              "fail": false,
              "pending": false,
              "context": null,
              "code": "const state = window.testState;\nreturn cy\n  .then(() => state.onStartScenario(scenario, indexedSteps))\n  .then(() =>\n    resolveAndRunBeforeHooks.call(this, scenario.tags, state.feature.name)\n  )\n  .then(() =>\n    indexedSteps.forEach((step) =>\n      stepTest.call(this, state, step, rowData)\n    )\n  )\n  .then(() => state.onFinishScenario(scenario));",
              "err": {},
              "uuid": "2b37d0d0-e9a8-4ccf-9a24-8f12b62834ae",
              "parentUUID": "b4f15cce-35cb-4788-86ec-6a37ec7228d6",
              "isHook": false,
              "skipped": false
            },
            {
              "title": "Checking login functionality for wrong login credential (example #2)",
              "fullTitle": "Checking login functionality for travel.agileway.net Checking login functionality for wrong login credential (example #2)",
              "timedOut": null,
              "duration": 1228,
              "state": "passed",
              "speed": "fast",
              "pass": true,
              "fail": false,
              "pending": false,
              "context": null,
              "code": "const state = window.testState;\nreturn cy\n  .then(() => state.onStartScenario(scenario, indexedSteps))\n  .then(() =>\n    resolveAndRunBeforeHooks.call(this, scenario.tags, state.feature.name)\n  )\n  .then(() =>\n    indexedSteps.forEach((step) =>\n      stepTest.call(this, state, step, rowData)\n    )\n  )\n  .then(() => state.onFinishScenario(scenario));",
              "err": {},
              "uuid": "09a5e02d-cfec-43d9-9a22-2a218ad3f0db",
              "parentUUID": "b4f15cce-35cb-4788-86ec-6a37ec7228d6",
              "isHook": false,
              "skipped": false
            }
          ],
          "suites": [],
          "passes": [
            "796332e5-3247-4388-a600-9e6f938db459",
            "2b37d0d0-e9a8-4ccf-9a24-8f12b62834ae",
            "09a5e02d-cfec-43d9-9a22-2a218ad3f0db"
          ],
          "failures": [],
          "pending": [],
          "skipped": [],
          "duration": 7059,
          "root": false,
          "rootEmpty": false,
          "_timeout": 2000
        }
      ],
      "passes": [],
      "failures": [],
      "pending": [],
      "skipped": [],
      "duration": 0,
      "root": true,
      "rootEmpty": true,
      "_timeout": 2000
    }
  ],
  "meta": {
    "mocha": {
      "version": "7.0.1"
    },
    "mochawesome": {
      "options": {
        "quiet": false,
        "reportFilename": "mochawesome",
        "saveHtml": true,
        "saveJson": true,
        "consoleReporter": "spec",
        "useInlineDiffs": false,
        "code": true
      },
      "version": "7.0.1"
    },
    "marge": {
      "options": null,
      "version": "6.0.1"
    }
  }
}